[INFO]2021/05/02 14:29:17 logger.go:36: server is running...
[INFO]2021/05/02 14:30:34 logger.go:36: server is running...
[INFO]2021/05/04 13:56:26 logger.go:34: server is running...
[INFO]2021/05/04 14:14:52 logger.go:34: server is running...
[INFO]2021/05/04 14:15:09 logger.go:34: server is running...
[INFO]2021/05/04 14:22:25 logger.go:34: server is running...
[INFO]2021/05/04 14:29:33 logger.go:34: server is running...
[INFO]2021/05/04 14:30:43 logger.go:34: server is running...
[INFO]2021/05/04 14:44:28 logger.go:34: server is running...
[INFO]2021/05/04 15:15:06 logger.go:34: server is running...
[INFO]2021/05/04 15:15:56 logger.go:34: server is running...
[INFO]2021/05/04 15:15:58 logger.go:34: proof claim signature verify failed
[INFO]2021/05/04 15:17:37 logger.go:34: server is running...
[INFO]2021/05/04 15:17:37 logger.go:34: proof claim signature verify failed, err: invalid signature length
[INFO]2021/05/04 15:27:36 logger.go:34: server is running...
[INFO]2021/05/04 15:27:39 logger.go:34: proof claim signature verify pass
[INFO]2021/05/04 16:09:11 logger.go:34: server is running...
[INFO]2021/05/04 16:09:17 logger.go:34: age is older than 10 years, allow donations
[INFO]2021/05/04 16:24:01 logger.go:34: server is running...
[INFO]2021/05/04 16:24:07 logger.go:34: age is older than 10 years, allow donations
[INFO]2021/05/04 16:28:43 logger.go:34: server is running...
[INFO]2021/05/04 16:28:50 logger.go:34: age is older than 10 years, allow donations
[INFO]2021/05/04 16:31:48 logger.go:34: server is running...
[INFO]2021/05/04 16:31:57 logger.go:34: age is older than 10 years, allow donations
[INFO]2021/05/04 16:35:03 logger.go:34: server is running...
[INFO]2021/05/04 16:35:06 logger.go:34: age is older than 10 years, allow donations
[INFO]2021/05/04 16:36:47 logger.go:34: server is running...
[INFO]2021/05/04 16:36:50 logger.go:34: age is older than 10 years, allow donations
[INFO]2021/05/04 16:55:46 logger.go:34: server is running...
[INFO]2021/05/05 10:57:54 logger.go:34: server is running...
[INFO]2021/05/05 11:01:57 logger.go:34: server is running...
[INFO]2021/05/05 11:05:10 logger.go:34: server is running...
[INFO]2021/05/05 11:07:43 logger.go:34: server is running...
[INFO]2021/05/05 11:08:34 logger.go:34: server is running...
[INFO]2021/05/05 11:08:37 logger.go:34: rawDonate = {"ClaimId":"48pVXCQk37Rzf9mMWbEboaaoQKJ3","Amount":10000,"Priority":1.5}, sigDonate = FD8w61bZHFaot1frpzS4pNyPBgNR18zhTwtSWweZw6XskA4kghuPiN5uWniix7QJbS8WrQTsBAoYUF4cudh8HrZVZ, addr = 0x5a14c2136084A24853EfF907185f79AE77c36c7c
[INFO]2021/05/05 11:08:37 logger.go:34: signature verify pass
[INFO]2021/05/05 11:13:14 logger.go:34: server is running...
[INFO]2021/05/05 11:13:29 logger.go:34: signature verify pass
[INFO]2021/05/05 11:13:29 logger.go:34: age is older than 10 years, allow donations
[INFO]2021/05/08 17:22:01 logger.go:34: server is running...
[INFO]2021/05/08 17:31:39 logger.go:34: server is running...
[INFO]2021/05/08 17:32:41 logger.go:34: server is running...
[INFO]2021/05/08 17:33:13 logger.go:34: server is running...
[INFO]2021/05/08 17:33:38 logger.go:34: server is running...
[INFO]2021/05/08 17:34:32 logger.go:34: server is running...
[INFO]2021/05/08 18:57:27 logger.go:34: server is running...
[INFO]2021/05/08 19:50:10 logger.go:34: server is running...
[INFO]2021/05/08 19:53:52 logger.go:34: server is running...
[INFO]2021/05/08 19:54:51 logger.go:34: server is running...
[INFO]2021/05/08 20:02:11 logger.go:34: server is running...
[INFO]2021/05/08 20:03:41 logger.go:34: server is running...
[INFO]2021/05/08 20:05:15 logger.go:34: server is running...
[INFO]2021/05/08 20:10:26 logger.go:34: signature verify pass
[INFO]2021/05/08 20:10:26 logger.go:34: age is older than 10 years, allow donations
[INFO]2021/05/08 20:46:38 logger.go:34: signature verify pass
[INFO]2021/05/08 20:46:38 logger.go:34: age is older than 10 years, allow donations
[INFO]2021/05/08 20:53:36 logger.go:34: server is running...
[INFO]2021/05/08 21:01:04 logger.go:34: signature verify pass
[INFO]2021/05/08 21:01:04 logger.go:34: age is older than 10 years, allow donations
[INFO]2021/05/08 21:38:11 logger.go:34: server is running...
[INFO]2021/05/12 13:51:55 logger.go:34: server is running...
[INFO]2021/05/12 13:58:01 logger.go:34: signature verify pass
[INFO]2021/05/12 13:58:31 logger.go:34: server is running...
[INFO]2021/05/12 13:58:38 logger.go:34: signature verify pass
[INFO]2021/05/12 13:58:43 logger.go:34: server is running...
[INFO]2021/05/12 13:59:30 logger.go:34: signature verify pass
[INFO]2021/05/12 13:59:30 logger.go:34: age is older than 10 years, allow donations
